# This file may be used to create an environment using:
# $ conda create --name <env> --file <this file>
# platform: linux-64
@EXPLICIT
https://conda.anaconda.org/conda-forge/linux-64/_libgcc_mutex-0.1-conda_forge.tar.bz2
https://conda.anaconda.org/conda-forge/linux-64/ca-certificates-2022.9.24-ha878542_0.tar.bz2
https://conda.anaconda.org/conda-forge/noarch/font-ttf-dejavu-sans-mono-2.37-hab24e00_0.tar.bz2
https://conda.anaconda.org/conda-forge/noarch/font-ttf-inconsolata-3.000-h77eed37_0.tar.bz2
https://conda.anaconda.org/conda-forge/noarch/font-ttf-source-code-pro-2.038-h77eed37_0.tar.bz2
https://conda.anaconda.org/conda-forge/noarch/font-ttf-ubuntu-0.83-hab24e00_0.tar.bz2
https://conda.anaconda.org/conda-forge/linux-64/ld_impl_linux-64-2.39-hc81fddc_0.tar.bz2
https://conda.anaconda.org/conda-forge/linux-64/libstdcxx-ng-12.2.0-h46fd767_19.tar.bz2
https://conda.anaconda.org/conda-forge/linux-64/openjdk-8.0.332-h166bdaf_0.tar.bz2
https://conda.anaconda.org/conda-forge/noarch/fonts-conda-forge-1-0.tar.bz2
https://conda.anaconda.org/conda-forge/linux-64/libgomp-12.2.0-h65d4601_19.tar.bz2
https://conda.anaconda.org/bioconda/noarch/minced-0.4.2-hdfd78af_1.tar.bz2
https://conda.anaconda.org/conda-forge/linux-64/_openmp_mutex-4.5-2_gnu.tar.bz2
https://conda.anaconda.org/conda-forge/noarch/fonts-conda-ecosystem-1-0.tar.bz2
https://conda.anaconda.org/conda-forge/linux-64/libgcc-ng-12.2.0-h65d4601_19.tar.bz2
https://conda.anaconda.org/conda-forge/linux-64/alsa-lib-1.2.8-h166bdaf_0.tar.bz2
https://conda.anaconda.org/bioconda/linux-64/aragorn-1.2.41-hec16e2b_0.tar.bz2
https://conda.anaconda.org/conda-forge/linux-64/bzip2-1.0.8-h7f98852_4.tar.bz2
https://conda.anaconda.org/conda-forge/linux-64/c-ares-1.18.1-h7f98852_0.tar.bz2
https://conda.anaconda.org/bioconda/linux-64/clustalw-2.1-h9f5acd7_7.tar.bz2
https://conda.anaconda.org/conda-forge/linux-64/expat-2.5.0-h27087fc_0.tar.bz2
https://conda.anaconda.org/bioconda/linux-64/fasttree-2.1.11-hec16e2b_1.tar.bz2
https://conda.anaconda.org/conda-forge/linux-64/fribidi-1.0.10-h36c2ea0_0.tar.bz2
https://conda.anaconda.org/conda-forge/linux-64/gettext-0.21.1-h27087fc_0.tar.bz2
https://conda.anaconda.org/conda-forge/linux-64/giflib-5.2.1-h36c2ea0_2.tar.bz2
https://conda.anaconda.org/conda-forge/linux-64/graphite2-1.3.13-h58526e2_1001.tar.bz2
https://conda.anaconda.org/bioconda/linux-64/hmmer-3.3.2-h87f3376_2.tar.bz2
https://conda.anaconda.org/conda-forge/linux-64/icu-68.2-h9c3ff4c_0.tar.bz2
https://conda.anaconda.org/bioconda/linux-64/infernal-1.1.4-h779adbc_0.tar.bz2
https://conda.anaconda.org/conda-forge/linux-64/jbig-2.1-h7f98852_2003.tar.bz2
https://conda.anaconda.org/conda-forge/linux-64/jpeg-9e-h166bdaf_2.tar.bz2
https://conda.anaconda.org/conda-forge/linux-64/keyutils-1.6.1-h166bdaf_0.tar.bz2
https://conda.anaconda.org/conda-forge/linux-64/lerc-4.0.0-h27087fc_0.tar.bz2
https://conda.anaconda.org/conda-forge/linux-64/libdb-6.2.32-h9c3ff4c_0.tar.bz2
https://conda.anaconda.org/conda-forge/linux-64/libdeflate-1.14-h166bdaf_0.tar.bz2
https://conda.anaconda.org/conda-forge/linux-64/libev-4.33-h516909a_1.tar.bz2
https://conda.anaconda.org/conda-forge/linux-64/libffi-3.3-h58526e2_2.tar.bz2
https://conda.anaconda.org/conda-forge/linux-64/libiconv-1.16-h516909a_0.tar.bz2
https://conda.anaconda.org/conda-forge/linux-64/libtool-2.4.6-h9c3ff4c_1008.tar.bz2
https://conda.anaconda.org/conda-forge/linux-64/libunistring-0.9.10-h7f98852_0.tar.bz2
https://conda.anaconda.org/conda-forge/linux-64/libuuid-2.32.1-h7f98852_1000.tar.bz2
https://conda.anaconda.org/conda-forge/linux-64/libwebp-base-1.2.4-h166bdaf_0.tar.bz2
https://conda.anaconda.org/conda-forge/linux-64/libzlib-1.2.13-h166bdaf_4.tar.bz2
https://conda.anaconda.org/conda-forge/linux-64/lz4-c-1.9.3-h9c3ff4c_1.tar.bz2
https://conda.anaconda.org/bioconda/linux-64/mafft-7.508-hec16e2b_0.tar.bz2
https://conda.anaconda.org/conda-forge/linux-64/ncurses-6.2-h58526e2_4.tar.bz2
https://conda.anaconda.org/conda-forge/linux-64/openssl-1.1.1s-h166bdaf_0.tar.bz2
https://conda.anaconda.org/bioconda/linux-64/paml-4.9-hec16e2b_7.tar.bz2
https://conda.anaconda.org/conda-forge/linux-64/pcre-8.45-h9c3ff4c_0.tar.bz2
https://conda.anaconda.org/conda-forge/linux-64/perl-5.26.2-h36c2ea0_1008.tar.bz2
https://conda.anaconda.org/conda-forge/linux-64/pixman-0.40.0-h36c2ea0_0.tar.bz2
https://conda.anaconda.org/bioconda/linux-64/prank-v.170427-h9f5acd7_5.tar.bz2
https://conda.anaconda.org/bioconda/linux-64/prodigal-2.6.3-hec16e2b_4.tar.bz2
https://conda.anaconda.org/conda-forge/linux-64/pthread-stubs-0.4-h36c2ea0_1001.tar.bz2
https://conda.anaconda.org/bioconda/linux-64/tidyp-1.04-hec16e2b_4.tar.bz2
https://conda.anaconda.org/conda-forge/linux-64/xorg-inputproto-2.3.2-h7f98852_1002.tar.bz2
https://conda.anaconda.org/conda-forge/linux-64/xorg-kbproto-1.0.7-h7f98852_1002.tar.bz2
https://conda.anaconda.org/conda-forge/linux-64/xorg-libice-1.0.10-h7f98852_0.tar.bz2
https://conda.anaconda.org/conda-forge/linux-64/xorg-libxau-1.0.9-h7f98852_0.tar.bz2
https://conda.anaconda.org/conda-forge/linux-64/xorg-libxdmcp-1.1.3-h7f98852_0.tar.bz2
https://conda.anaconda.org/conda-forge/linux-64/xorg-recordproto-1.14.2-h7f98852_1002.tar.bz2
https://conda.anaconda.org/conda-forge/linux-64/xorg-renderproto-0.11.1-h7f98852_1002.tar.bz2
https://conda.anaconda.org/conda-forge/linux-64/xorg-xextproto-7.3.0-h7f98852_1002.tar.bz2
https://conda.anaconda.org/conda-forge/linux-64/xorg-xproto-7.0.31-h7f98852_1007.tar.bz2
https://conda.anaconda.org/conda-forge/linux-64/xz-5.2.6-h166bdaf_0.tar.bz2
https://conda.anaconda.org/conda-forge/linux-64/libedit-3.1.20191231-he28a2e2_2.tar.bz2
https://conda.anaconda.org/conda-forge/linux-64/libidn11-1.34-h1cef754_0.tar.bz2
https://conda.anaconda.org/conda-forge/linux-64/libidn2-2.3.4-h166bdaf_0.tar.bz2
https://conda.anaconda.org/conda-forge/linux-64/libnghttp2-1.47.0-hdcd2b5c_1.tar.bz2
https://conda.anaconda.org/conda-forge/linux-64/libpng-1.6.38-h753d276_0.tar.bz2
https://conda.anaconda.org/conda-forge/linux-64/libssh2-1.10.0-haa6b8db_3.tar.bz2
https://conda.anaconda.org/conda-forge/linux-64/libxcb-1.13-h7f98852_1004.tar.bz2
https://conda.anaconda.org/conda-forge/linux-64/parallel-20220922-ha770c72_0.tar.bz2
https://conda.anaconda.org/bioconda/linux-64/perl-algorithm-diff-1.1903-pl526_2.tar.bz2
https://conda.anaconda.org/bioconda/linux-64/perl-algorithm-munkres-0.08-pl526_1.tar.bz2
https://conda.anaconda.org/bioconda/linux-64/perl-app-cpanminus-1.7044-pl526_1.tar.bz2
https://conda.anaconda.org/bioconda/linux-64/perl-appconfig-1.71-pl526_1.tar.bz2
https://conda.anaconda.org/bioconda/linux-64/perl-array-utils-0.5-pl526_2.tar.bz2
https://conda.anaconda.org/bioconda/linux-64/perl-autoloader-5.74-pl526_2.tar.bz2
https://conda.anaconda.org/bioconda/linux-64/perl-base-2.23-pl526_1.tar.bz2
https://conda.anaconda.org/bioconda/linux-64/perl-capture-tiny-0.48-pl526_0.tar.bz2
https://conda.anaconda.org/bioconda/linux-64/perl-class-data-inheritable-0.08-pl526_1.tar.bz2
https://conda.anaconda.org/bioconda/linux-64/perl-class-inspector-1.34-pl526_0.tar.bz2
https://conda.anaconda.org/bioconda/linux-64/perl-class-method-modifiers-2.12-pl526_0.tar.bz2
https://conda.anaconda.org/bioconda/linux-64/perl-common-sense-3.74-pl526_2.tar.bz2
https://conda.anaconda.org/bioconda/linux-64/perl-compress-raw-bzip2-2.087-pl526he1b5a44_0.tar.bz2
https://conda.anaconda.org/bioconda/linux-64/perl-compress-raw-zlib-2.087-pl526hc9558a2_0.tar.bz2
https://conda.anaconda.org/bioconda/linux-64/perl-constant-1.33-pl526_1.tar.bz2
https://conda.anaconda.org/bioconda/linux-64/perl-convert-binary-c-0.78-pl526h6bb024c_3.tar.bz2
https://conda.anaconda.org/bioconda/linux-64/perl-convert-binhex-1.125-pl526_1.tar.bz2
https://conda.anaconda.org/bioconda/linux-64/perl-crypt-rc4-2.02-pl526_1.tar.bz2
https://conda.anaconda.org/bioconda/linux-64/perl-data-dumper-2.173-pl526_0.tar.bz2
https://conda.anaconda.org/bioconda/linux-64/perl-date-format-2.30-pl526_2.tar.bz2
https://conda.anaconda.org/bioconda/linux-64/perl-db-file-1.855-pl526h516909a_0.tar.bz2
https://conda.anaconda.org/bioconda/linux-64/perl-dbi-1.642-pl526_0.tar.bz2
https://conda.anaconda.org/bioconda/noarch/perl-devel-stacktrace-2.04-pl526_0.tar.bz2
https://conda.anaconda.org/bioconda/linux-64/perl-digest-hmac-1.03-pl526_3.tar.bz2
https://conda.anaconda.org/bioconda/linux-64/perl-digest-md5-2.55-pl526_0.tar.bz2
https://conda.anaconda.org/bioconda/linux-64/perl-digest-perl-md5-1.9-pl526_1.tar.bz2
https://conda.anaconda.org/bioconda/linux-64/perl-digest-sha1-2.13-pl526h6bb024c_1.tar.bz2
https://conda.anaconda.org/bioconda/linux-64/perl-dynaloader-1.25-pl526_1.tar.bz2
https://conda.anaconda.org/bioconda/linux-64/perl-email-date-format-1.005-pl526_2.tar.bz2
https://conda.anaconda.org/bioconda/linux-64/perl-error-0.17027-pl526_1.tar.bz2
https://conda.anaconda.org/bioconda/linux-64/perl-exporter-5.72-pl526_1.tar.bz2
https://conda.anaconda.org/bioconda/linux-64/perl-exporter-tiny-1.002001-pl526_0.tar.bz2
https://conda.anaconda.org/bioconda/linux-64/perl-extutils-makemaker-7.36-pl526_1.tar.bz2
https://conda.anaconda.org/bioconda/linux-64/perl-file-grep-0.02-pl526_3.tar.bz2
https://conda.anaconda.org/bioconda/linux-64/perl-file-slurp-tiny-0.004-pl526_1.tar.bz2
https://conda.anaconda.org/bioconda/linux-64/perl-file-sort-1.01-pl526_2.tar.bz2
https://conda.anaconda.org/bioconda/linux-64/perl-file-which-1.23-pl526_0.tar.bz2
https://conda.anaconda.org/bioconda/linux-64/perl-font-afm-1.20-pl526_2.tar.bz2
https://conda.anaconda.org/bioconda/linux-64/perl-getopt-long-2.50-pl526_1.tar.bz2
https://conda.anaconda.org/bioconda/linux-64/perl-graph-0.9704-pl526_1.tar.bz2
https://conda.anaconda.org/bioconda/linux-64/perl-html-entities-numbered-0.04-pl526_1.tar.bz2
https://conda.anaconda.org/bioconda/linux-64/perl-html-tagset-3.20-pl526_3.tar.bz2
https://conda.anaconda.org/bioconda/linux-64/perl-image-size-3.300-pl526_2.tar.bz2
https://conda.anaconda.org/bioconda/linux-64/perl-io-html-1.001-pl526_2.tar.bz2
https://conda.anaconda.org/bioconda/linux-64/perl-io-sessiondata-1.03-pl526_1.tar.bz2
https://conda.anaconda.org/bioconda/linux-64/perl-io-string-1.08-pl526_3.tar.bz2
https://conda.anaconda.org/bioconda/linux-64/perl-io-stringy-2.111-pl526_1.tar.bz2
https://conda.anaconda.org/bioconda/linux-64/perl-io-tty-1.12-pl526_1.tar.bz2
https://conda.anaconda.org/bioconda/linux-64/perl-io-zlib-1.10-pl526_2.tar.bz2
https://conda.anaconda.org/bioconda/linux-64/perl-ipc-sharelite-0.17-pl526h6bb024c_1.tar.bz2
https://conda.anaconda.org/bioconda/linux-64/perl-jcode-2.07-pl526_2.tar.bz2
https://conda.anaconda.org/bioconda/linux-64/perl-lib-0.63-pl526_1.tar.bz2
https://conda.anaconda.org/bioconda/linux-64/perl-math-cdf-0.1-pl526h14c3975_5.tar.bz2
https://conda.anaconda.org/bioconda/linux-64/perl-math-derivative-1.01-pl526_0.tar.bz2
https://conda.anaconda.org/bioconda/linux-64/perl-math-random-0.72-pl526h14c3975_2.tar.bz2
https://conda.anaconda.org/bioconda/linux-64/perl-mime-types-2.17-pl526_0.tar.bz2
https://conda.anaconda.org/bioconda/linux-64/perl-mldbm-2.05-pl526_1.tar.bz2
https://conda.anaconda.org/bioconda/linux-64/perl-module-runtime-0.016-pl526_1.tar.bz2
https://conda.anaconda.org/bioconda/linux-64/perl-mozilla-ca-20180117-pl526_1.tar.bz2
https://conda.anaconda.org/bioconda/linux-64/perl-mro-compat-0.13-pl526_0.tar.bz2
https://conda.anaconda.org/bioconda/linux-64/perl-number-compare-0.03-pl526_2.tar.bz2
https://conda.anaconda.org/bioconda/linux-64/perl-ole-storage_lite-0.19-pl526_3.tar.bz2
https://conda.anaconda.org/bioconda/linux-64/perl-params-util-1.07-pl526h6bb024c_4.tar.bz2
https://conda.anaconda.org/bioconda/linux-64/perl-parent-0.236-pl526_1.tar.bz2
https://conda.anaconda.org/bioconda/linux-64/perl-parse-recdescent-1.967015-pl526_0.tar.bz2
https://conda.anaconda.org/bioconda/linux-64/perl-parse-yapp-1.21-pl526_0.tar.bz2
https://conda.anaconda.org/bioconda/linux-64/perl-postscript-0.06-pl526_2.tar.bz2
https://conda.anaconda.org/bioconda/linux-64/perl-scalar-list-utils-1.52-pl526h516909a_0.tar.bz2
https://conda.anaconda.org/bioconda/linux-64/perl-set-scalar-1.29-pl526_2.tar.bz2
https://conda.anaconda.org/bioconda/linux-64/perl-socket-2.027-pl526_1.tar.bz2
https://conda.anaconda.org/bioconda/linux-64/perl-sort-naturally-1.03-pl526_2.tar.bz2
https://conda.anaconda.org/bioconda/linux-64/perl-sub-exporter-progressive-0.001013-pl526_0.tar.bz2
https://conda.anaconda.org/bioconda/linux-64/perl-sub-identify-0.14-pl526h14c3975_0.tar.bz2
https://conda.anaconda.org/bioconda/linux-64/perl-sub-name-0.21-pl526_1.tar.bz2
https://conda.anaconda.org/bioconda/linux-64/perl-sub-quote-2.006003-pl526_1.tar.bz2
https://conda.anaconda.org/bioconda/linux-64/perl-sub-uplevel-0.2800-pl526h14c3975_2.tar.bz2
https://conda.anaconda.org/bioconda/linux-64/perl-svg-2.84-pl526_0.tar.bz2
https://conda.anaconda.org/bioconda/linux-64/perl-task-weaken-1.06-pl526_0.tar.bz2
https://conda.anaconda.org/bioconda/linux-64/perl-test-deep-1.128-pl526_1.tar.bz2
https://conda.anaconda.org/bioconda/linux-64/perl-test-harness-3.42-pl526_0.tar.bz2
https://conda.anaconda.org/bioconda/linux-64/perl-test-leaktrace-0.16-pl526h14c3975_2.tar.bz2
https://conda.anaconda.org/bioconda/linux-64/perl-text-glob-0.11-pl526_1.tar.bz2
https://conda.anaconda.org/bioconda/linux-64/perl-tie-ixhash-1.23-pl526_2.tar.bz2
https://conda.anaconda.org/bioconda/linux-64/perl-timedate-2.30-pl526_1.tar.bz2
https://conda.anaconda.org/bioconda/linux-64/perl-try-tiny-0.30-pl526_1.tar.bz2
https://conda.anaconda.org/bioconda/linux-64/perl-unicode-map-0.112-pl526h6bb024c_3.tar.bz2
https://conda.anaconda.org/conda-forge/linux-64/perl-xml-parser-2.44_01-pl5262hc3e0081_1002.tar.bz2
https://conda.anaconda.org/bioconda/linux-64/perl-xml-regexp-0.04-pl526_2.tar.bz2
https://conda.anaconda.org/bioconda/linux-64/perl-xml-sax-base-1.09-pl526_0.tar.bz2
https://conda.anaconda.org/bioconda/linux-64/perl-xml-writer-0.625-pl526_2.tar.bz2
https://conda.anaconda.org/bioconda/linux-64/perl-xml-xpathengine-0.14-pl526_2.tar.bz2
https://conda.anaconda.org/bioconda/linux-64/perl-xsloader-0.24-pl526_0.tar.bz2
https://conda.anaconda.org/bioconda/noarch/perl-yaml-1.29-pl526_0.tar.bz2
https://conda.anaconda.org/conda-forge/linux-64/readline-8.1-h46c0cb4_0.tar.bz2
https://conda.anaconda.org/conda-forge/linux-64/tk-8.6.12-h27826a3_0.tar.bz2
https://conda.anaconda.org/conda-forge/linux-64/xorg-fixesproto-5.0-h7f98852_1002.tar.bz2
https://conda.anaconda.org/conda-forge/linux-64/xorg-libsm-1.2.3-hd9c2040_1000.tar.bz2
https://conda.anaconda.org/conda-forge/linux-64/zlib-1.2.13-h166bdaf_4.tar.bz2
https://conda.anaconda.org/conda-forge/linux-64/zstd-1.5.2-h6239696_4.tar.bz2
https://conda.anaconda.org/bioconda/linux-64/bedtools-2.30.0-h468198e_3.tar.bz2
https://conda.anaconda.org/bioconda/linux-64/cd-hit-4.8.1-h5b5514e_7.tar.bz2
https://conda.anaconda.org/conda-forge/linux-64/freetype-2.12.1-hca18f0e_0.tar.bz2
https://conda.anaconda.org/conda-forge/linux-64/krb5-1.19.3-h3790be6_0.tar.bz2
https://conda.anaconda.org/conda-forge/linux-64/libglib-2.68.3-h3e27bee_0.tar.bz2
https://conda.anaconda.org/conda-forge/linux-64/libtiff-4.4.0-h55922b4_4.tar.bz2
https://conda.anaconda.org/conda-forge/linux-64/libxml2-2.9.12-h72842e0_0.tar.bz2
https://conda.anaconda.org/bioconda/linux-64/perl-carp-1.38-pl526_3.tar.bz2
https://conda.anaconda.org/bioconda/linux-64/perl-clone-0.42-pl526h516909a_0.tar.bz2
https://conda.anaconda.org/bioconda/linux-64/perl-dbd-sqlite-1.64-pl526h516909a_0.tar.bz2
https://conda.anaconda.org/bioconda/linux-64/perl-devel-globaldestruction-0.14-pl526_0.tar.bz2
https://conda.anaconda.org/bioconda/linux-64/perl-encode-2.88-pl526_1.tar.bz2
https://conda.anaconda.org/bioconda/linux-64/perl-exception-class-1.44-pl526_0.tar.bz2
https://conda.anaconda.org/bioconda/linux-64/perl-file-find-rule-0.34-pl526_5.tar.bz2
https://conda.anaconda.org/bioconda/linux-64/perl-file-path-2.16-pl526_0.tar.bz2
https://conda.anaconda.org/bioconda/linux-64/perl-font-ttf-1.06-pl526_0.tar.bz2
https://conda.anaconda.org/bioconda/linux-64/perl-html-parser-3.72-pl526h6bb024c_5.tar.bz2
https://conda.anaconda.org/bioconda/linux-64/perl-io-compress-2.087-pl526he1b5a44_0.tar.bz2
https://conda.anaconda.org/bioconda/linux-64/perl-ipc-run-20180523.0-pl526_0.tar.bz2
https://conda.anaconda.org/bioconda/linux-64/perl-libxml-perl-0.08-pl526_2.tar.bz2
https://conda.anaconda.org/bioconda/linux-64/perl-list-moreutils-xs-0.428-pl526_0.tar.bz2
https://conda.anaconda.org/bioconda/noarch/perl-mailtools-2.21-pl526_0.tar.bz2
https://conda.anaconda.org/bioconda/linux-64/perl-math-spline-0.02-pl526_2.tar.bz2
https://conda.anaconda.org/bioconda/linux-64/perl-mime-base64-3.15-pl526_1.tar.bz2
https://conda.anaconda.org/bioconda/linux-64/perl-ntlm-1.09-pl526_4.tar.bz2
https://conda.anaconda.org/bioconda/linux-64/perl-package-stash-xs-0.28-pl526hf484d3e_1.tar.bz2
https://conda.anaconda.org/bioconda/linux-64/perl-perlio-utf8_strict-0.007-pl526h6bb024c_1.tar.bz2
https://conda.anaconda.org/bioconda/linux-64/perl-pod-escapes-1.07-pl526_1.tar.bz2
https://conda.anaconda.org/bioconda/noarch/perl-role-tiny-2.000008-pl526_0.tar.bz2
https://conda.anaconda.org/bioconda/linux-64/perl-spreadsheet-writeexcel-2.40-pl526_2.tar.bz2
https://conda.anaconda.org/bioconda/linux-64/perl-storable-3.15-pl526h14c3975_0.tar.bz2
https://conda.anaconda.org/bioconda/linux-64/perl-test-1.26-pl526_1.tar.bz2
https://conda.anaconda.org/bioconda/linux-64/perl-test-exception-0.43-pl526_2.tar.bz2
https://conda.anaconda.org/bioconda/linux-64/perl-test-requiresinternet-0.05-pl526_0.tar.bz2
https://conda.anaconda.org/bioconda/linux-64/perl-test-warn-0.36-pl526_1.tar.bz2
https://conda.anaconda.org/bioconda/noarch/perl-text-csv-2.00-pl526_0.tar.bz2
https://conda.anaconda.org/bioconda/linux-64/perl-text-diff-1.45-pl526_0.tar.bz2
https://conda.anaconda.org/bioconda/linux-64/perl-tree-dag_node-1.31-pl526_0.tar.bz2
https://conda.anaconda.org/bioconda/linux-64/perl-type-tiny-1.004004-pl526_0.tar.bz2
https://conda.anaconda.org/bioconda/linux-64/perl-types-serialiser-1.0-pl526_2.tar.bz2
https://conda.anaconda.org/bioconda/linux-64/perl-xml-filter-buffertext-1.01-pl526_2.tar.bz2
https://conda.anaconda.org/bioconda/linux-64/perl-xml-namespacesupport-1.12-pl526_0.tar.bz2
https://conda.anaconda.org/bioconda/linux-64/perl-xml-xpath-1.44-pl526_0.tar.bz2
https://conda.anaconda.org/conda-forge/linux-64/sqlite-3.35.5-h74cdb3f_0.tar.bz2
https://conda.anaconda.org/bioconda/linux-64/tbl2asn-forever-25.7.2f-hec16e2b_2.tar.bz2
https://conda.anaconda.org/conda-forge/linux-64/wget-1.20.3-ha56f1ee_1.tar.bz2
https://conda.anaconda.org/conda-forge/linux-64/xorg-libx11-1.7.2-h7f98852_0.tar.bz2
https://conda.anaconda.org/conda-forge/linux-64/atk-1.0-2.36.0-h3371d22_4.tar.bz2
https://conda.anaconda.org/bioconda/noarch/barrnap-0.9-hdfd78af_4.tar.bz2
https://conda.anaconda.org/bioconda/linux-64/entrez-direct-16.2-he881be0_1.tar.bz2
https://conda.anaconda.org/conda-forge/linux-64/fontconfig-2.14.1-hc2a2eb6_0.tar.bz2
https://conda.anaconda.org/conda-forge/linux-64/gdk-pixbuf-2.42.6-h04a7f16_0.tar.bz2
https://conda.anaconda.org/conda-forge/linux-64/gts-0.7.6-h64030ff_2.tar.bz2
https://conda.anaconda.org/conda-forge/linux-64/lcms2-2.14-h6ed2654_0.tar.bz2
https://conda.anaconda.org/conda-forge/linux-64/libcurl-7.86.0-h7bff187_1.tar.bz2
https://conda.anaconda.org/conda-forge/linux-64/libwebp-1.2.4-h522a892_0.tar.bz2
https://conda.anaconda.org/conda-forge/linux-64/libxslt-1.1.33-h15afd5d_2.tar.bz2
https://conda.anaconda.org/bioconda/linux-64/perl-business-isbn-data-20140910.003-pl526_0.tar.bz2
https://conda.anaconda.org/bioconda/linux-64/perl-cache-cache-1.08-pl526_0.tar.bz2
https://conda.anaconda.org/bioconda/linux-64/perl-dist-checkconflicts-0.11-pl526_2.tar.bz2
https://conda.anaconda.org/bioconda/linux-64/perl-encode-locale-1.05-pl526_6.tar.bz2
https://conda.anaconda.org/bioconda/linux-64/perl-eval-closure-0.14-pl526h6bb024c_4.tar.bz2
https://conda.anaconda.org/bioconda/linux-64/perl-file-slurper-0.012-pl526_0.tar.bz2
https://conda.anaconda.org/bioconda/linux-64/perl-file-temp-0.2304-pl526_2.tar.bz2
https://conda.anaconda.org/bioconda/linux-64/perl-graph-readwrite-2.09-pl526_2.tar.bz2
https://conda.anaconda.org/bioconda/linux-64/perl-html-tidy-1.60-pl526_0.tar.bz2
https://conda.anaconda.org/bioconda/linux-64/perl-html-tree-5.07-pl526_1.tar.bz2
https://conda.anaconda.org/bioconda/linux-64/perl-json-xs-2.34-pl526h6bb024c_3.tar.bz2
https://conda.anaconda.org/bioconda/linux-64/perl-list-moreutils-0.428-pl526_1.tar.bz2
https://conda.anaconda.org/bioconda/linux-64/perl-log-log4perl-1.49-pl526_0.tar.bz2
https://conda.anaconda.org/bioconda/linux-64/perl-lwp-mediatypes-6.04-pl526_0.tar.bz2
https://conda.anaconda.org/bioconda/linux-64/perl-mime-lite-3.030-pl526_1.tar.bz2
https://conda.anaconda.org/bioconda/linux-64/perl-mime-tools-5.508-pl526_1.tar.bz2
https://conda.anaconda.org/bioconda/linux-64/perl-module-implementation-0.09-pl526_2.tar.bz2
https://conda.anaconda.org/bioconda/linux-64/perl-net-ssleay-1.88-pl526h90d6eec_0.tar.bz2
https://conda.anaconda.org/bioconda/linux-64/perl-pathtools-3.75-pl526h14c3975_1.tar.bz2
https://conda.anaconda.org/bioconda/noarch/perl-pdf-api2-2.035-pl526_0.tar.bz2
https://conda.anaconda.org/bioconda/linux-64/perl-pod-usage-1.69-pl526_1.tar.bz2
https://conda.anaconda.org/bioconda/linux-64/perl-spreadsheet-parseexcel-0.65-pl526_2.tar.bz2
https://conda.anaconda.org/bioconda/linux-64/perl-sub-install-0.928-pl526_2.tar.bz2
https://conda.anaconda.org/bioconda/noarch/perl-test-differences-0.67-pl526_0.tar.bz2
https://conda.anaconda.org/bioconda/linux-64/perl-time-hires-1.9760-pl526h14c3975_1.tar.bz2
https://conda.anaconda.org/bioconda/linux-64/perl-time-local-1.28-pl526_1.tar.bz2
https://conda.anaconda.org/bioconda/linux-64/perl-xml-sax-writer-0.57-pl526_0.tar.bz2
https://conda.anaconda.org/conda-forge/linux-64/python-3.7.10-hffdb5ce_100_cpython.tar.bz2
https://conda.anaconda.org/conda-forge/linux-64/xorg-libxext-1.3.4-h7f98852_1.tar.bz2
https://conda.anaconda.org/conda-forge/linux-64/xorg-libxfixes-5.0.3-h7f98852_1004.tar.bz2
https://conda.anaconda.org/conda-forge/linux-64/xorg-libxrender-0.9.10-h7f98852_1003.tar.bz2
https://conda.anaconda.org/conda-forge/linux-64/cairo-1.16.0-h6cf1ce9_1008.tar.bz2
https://conda.anaconda.org/conda-forge/noarch/certifi-2022.9.24-pyhd8ed1ab_0.tar.bz2
https://conda.anaconda.org/conda-forge/linux-64/curl-7.86.0-h7bff187_1.tar.bz2
https://conda.anaconda.org/conda-forge/linux-64/libgd-2.3.3-h6ad9fb6_0.tar.bz2
https://conda.anaconda.org/bioconda/linux-64/perl-aceperl-1.92-pl526_2.tar.bz2
https://conda.anaconda.org/bioconda/linux-64/perl-apache-test-1.40-pl526_1.tar.bz2
https://conda.anaconda.org/bioconda/linux-64/perl-archive-tar-2.32-pl526_0.tar.bz2
https://conda.anaconda.org/bioconda/linux-64/perl-business-isbn-3.004-pl526_0.tar.bz2
https://conda.anaconda.org/bioconda/linux-64/perl-cgi-4.44-pl526h14c3975_1.tar.bz2
https://conda.anaconda.org/bioconda/linux-64/perl-data-optlist-0.110-pl526_2.tar.bz2
https://conda.anaconda.org/bioconda/linux-64/perl-html-element-extended-1.18-pl526_1.tar.bz2
https://conda.anaconda.org/bioconda/linux-64/perl-html-formatter-2.16-pl526_0.tar.bz2
https://conda.anaconda.org/bioconda/linux-64/perl-html-treebuilder-xpath-0.14-pl526_1.tar.bz2
https://conda.anaconda.org/bioconda/linux-64/perl-http-date-6.02-pl526_3.tar.bz2
https://conda.anaconda.org/bioconda/linux-64/perl-io-socket-ssl-2.066-pl526_0.tar.bz2
https://conda.anaconda.org/bioconda/linux-64/perl-json-4.02-pl526_0.tar.bz2
https://conda.anaconda.org/bioconda/linux-64/perl-lwp-simple-6.15-pl526h470a237_4.tar.bz2
https://conda.anaconda.org/bioconda/linux-64/perl-module-runtime-conflicts-0.003-pl526_0.tar.bz2
https://conda.anaconda.org/bioconda/linux-64/perl-statistics-descriptive-3.0702-pl526_0.tar.bz2
https://conda.anaconda.org/bioconda/linux-64/perl-test-most-0.35-pl526_0.tar.bz2
https://conda.anaconda.org/bioconda/noarch/perl-xml-sax-1.02-pl526_0.tar.bz2
https://conda.anaconda.org/conda-forge/linux-64/python_abi-3.7-2_cp37m.tar.bz2
https://conda.anaconda.org/conda-forge/noarch/setuptools-65.5.1-pyhd8ed1ab_0.tar.bz2
https://conda.anaconda.org/conda-forge/noarch/wheel-0.38.2-pyhd8ed1ab_0.tar.bz2
https://conda.anaconda.org/conda-forge/linux-64/xorg-libxi-1.7.10-h7f98852_0.tar.bz2
https://conda.anaconda.org/bioconda/linux-64/blast-2.13.0-hf3cf87c_0.tar.bz2
https://conda.anaconda.org/conda-forge/linux-64/harfbuzz-2.8.1-h83ec7ef_0.tar.bz2
https://conda.anaconda.org/bioconda/linux-64/perl-file-listing-6.04-pl526_1.tar.bz2
https://conda.anaconda.org/bioconda/linux-64/perl-gd-2.68-pl526he941832_0.tar.bz2
https://conda.anaconda.org/bioconda/linux-64/perl-html-tableextract-2.13-pl526_2.tar.bz2
https://conda.anaconda.org/bioconda/linux-64/perl-package-stash-0.38-pl526hf484d3e_1.tar.bz2
https://conda.anaconda.org/bioconda/linux-64/perl-sub-exporter-0.987-pl526_2.tar.bz2
https://conda.anaconda.org/bioconda/linux-64/perl-svg-graph-0.02-pl526_3.tar.bz2
https://conda.anaconda.org/bioconda/linux-64/perl-uri-1.76-pl526_0.tar.bz2
https://conda.anaconda.org/bioconda/linux-64/perl-xml-libxml-2.0132-pl526h7ec2d77_1.tar.bz2
https://conda.anaconda.org/bioconda/linux-64/perl-xml-sax-expat-0.51-pl526_3.tar.bz2
https://conda.anaconda.org/bioconda/linux-64/perl-xml-twig-3.52-pl526_2.tar.bz2
https://conda.anaconda.org/conda-forge/noarch/pip-22.3.1-pyhd8ed1ab_0.tar.bz2
https://conda.anaconda.org/bioconda/linux-64/t_coffee-11.0.8-py37hea885bf_8.tar.bz2
https://conda.anaconda.org/conda-forge/linux-64/xorg-libxtst-1.2.3-h7f98852_1002.tar.bz2
https://conda.anaconda.org/bioconda/linux-64/mcl-14.137-pl5262h779adbc_6.tar.bz2
https://conda.anaconda.org/bioconda/linux-64/ncbi-amrfinderplus-3.10.45-h6e70893_0.tar.bz2
https://conda.anaconda.org/conda-forge/linux-64/pango-1.48.5-hb8ff022_0.tar.bz2
https://conda.anaconda.org/bioconda/linux-64/perl-class-load-0.25-pl526_0.tar.bz2
https://conda.anaconda.org/bioconda/linux-64/perl-devel-overloadinfo-0.005-pl526_0.tar.bz2
https://conda.anaconda.org/bioconda/linux-64/perl-http-message-6.18-pl526_0.tar.bz2
https://conda.anaconda.org/bioconda/linux-64/perl-image-info-1.38-pl526_1.tar.bz2
https://conda.anaconda.org/bioconda/noarch/perl-net-http-6.19-pl526_0.tar.bz2
https://conda.anaconda.org/bioconda/linux-64/perl-package-deprecationmanager-0.17-pl526_0.tar.bz2
https://conda.anaconda.org/bioconda/linux-64/perl-www-robotrules-6.02-pl526_3.tar.bz2
https://conda.anaconda.org/bioconda/linux-64/perl-xml-libxslt-1.94-pl526_1.tar.bz2
https://conda.anaconda.org/bioconda/linux-64/perl-xml-simple-2.25-pl526_1.tar.bz2
https://conda.anaconda.org/conda-forge/linux-64/gtk2-2.24.33-h539f30e_1.tar.bz2
https://conda.anaconda.org/conda-forge/linux-64/librsvg-2.50.7-hc3c00ef_0.tar.bz2
https://conda.anaconda.org/bioconda/linux-64/perl-class-load-xs-0.10-pl526h6bb024c_2.tar.bz2
https://conda.anaconda.org/bioconda/linux-64/perl-data-stag-0.14-pl526_1.tar.bz2
https://conda.anaconda.org/bioconda/linux-64/perl-http-cookies-6.04-pl526_0.tar.bz2
https://conda.anaconda.org/bioconda/linux-64/perl-http-daemon-6.01-pl526_1.tar.bz2
https://conda.anaconda.org/bioconda/linux-64/perl-http-negotiate-6.01-pl526_3.tar.bz2
https://conda.anaconda.org/bioconda/linux-64/perl-template-toolkit-2.26-pl526_1.tar.bz2
https://conda.anaconda.org/conda-forge/linux-64/graphviz-2.47.2-h85b4f2f_0.tar.bz2
https://conda.anaconda.org/bioconda/noarch/perl-bio-phylo-0.58-pl5262hdfd78af_3.tar.bz2
https://conda.anaconda.org/bioconda/noarch/perl-libwww-perl-6.39-pl526_0.tar.bz2
https://conda.anaconda.org/bioconda/linux-64/perl-moose-2.2011-pl526hf484d3e_1.tar.bz2
https://conda.anaconda.org/bioconda/linux-64/perl-digest-md5-file-0.08-pl526_2.tar.bz2
https://conda.anaconda.org/bioconda/linux-64/perl-graphviz-2.24-pl526h734ff71_0.tar.bz2
https://conda.anaconda.org/bioconda/linux-64/perl-lwp-protocol-https-6.07-pl526_4.tar.bz2
https://conda.anaconda.org/bioconda/linux-64/perl-moo-2.003004-pl526_0.tar.bz2
https://conda.anaconda.org/bioconda/linux-64/perl-xml-dom-1.46-pl526_0.tar.bz2
https://conda.anaconda.org/bioconda/linux-64/perl-array-compare-3.0.1-pl526_1.tar.bz2
https://conda.anaconda.org/bioconda/linux-64/perl-soap-lite-1.19-pl526_1.tar.bz2
https://conda.anaconda.org/bioconda/linux-64/perl-xml-dom-xpath-0.14-pl526_1.tar.bz2
https://conda.anaconda.org/bioconda/noarch/perl-bioperl-core-1.007002-pl5262hdfd78af_3.tar.bz2
https://conda.anaconda.org/bioconda/noarch/perl-bio-asn1-entrezgene-1.73-pl5262hdfd78af_2.tar.bz2
https://conda.anaconda.org/bioconda/noarch/perl-bio-coordinate-1.007001-pl5262hdfd78af_2.tar.bz2
https://conda.anaconda.org/bioconda/noarch/perl-bio-featureio-1.6.905-pl5262hdfd78af_3.tar.bz2
https://conda.anaconda.org/bioconda/linux-64/perl-bio-samtools-1.43-pl526h1341992_1.tar.bz2
https://conda.anaconda.org/bioconda/noarch/perl-bioperl-run-1.007002-pl5262hdfd78af_5.tar.bz2
https://conda.anaconda.org/bioconda/noarch/perl-bio-tools-phylo-paml-1.7.3-pl5262hdfd78af_2.tar.bz2
https://conda.anaconda.org/bioconda/noarch/perl-bio-tools-run-alignment-clustalw-1.7.4-pl5262hdfd78af_2.tar.bz2
https://conda.anaconda.org/bioconda/noarch/perl-bio-tools-run-alignment-tcoffee-1.7.4-pl5262hdfd78af_3.tar.bz2
https://conda.anaconda.org/bioconda/noarch/perl-bioperl-1.7.2-pl526_11.tar.bz2
https://conda.anaconda.org/bioconda/noarch/prokka-1.14.6-pl5262hdfd78af_3.tar.bz2
https://conda.anaconda.org/bioconda/linux-64/roary-3.13.0-pl526h516909a_0.tar.bz2
